<?xml version="1.0" encoding="UTF-8"?>
<!-- Generated by org.testng.reporters.JUnitReportReporter -->
<testsuite skipped="0" hostname="Prabhani-PC" name="testcases.callingmethod" tests="2" failures="0" timestamp="19 Aug 2018 01:28:39 GMT" time="11.155" errors="0">
  <testcase name="homeApper" time="3.546" classname="testcases.callingmethod"/>
  <testcase name="customerdata" time="7.609" classname="testcases.callingmethod"/>
</testsuite> <!-- testcases.callingmethod -->
